Found word: mul(
numChar: 3
numChar: 4
numChar: 5
numChar: ,
numChar: 7
numChar: 6
numChar: 6
numChar: )
Adding  345  *  766 to  0
Found word: mul(
numChar: 3
numChar: 4
numChar: 3
numChar: ,
numChar: 5
numChar: 5
numChar: 5
numChar: )
Adding  343  *  555 to  264270
Found word: mul(
numChar: 5
numChar: 3
numChar: 2
numChar: ,
numChar: 7
numChar: 2
numChar: 3
numChar: )
Adding  532  *  723 to  454635
Found word: mul(
numChar: 8
numChar: 1
numChar: 0
numChar: ,
numChar: 6
numChar: 2
numChar: 2
numChar: )
Adding  810  *  622 to  839271
Found word: mul(
numChar: 1
numChar: 6
numChar: 3
numChar: ,
numChar: 9
numChar: 0
numChar: 1
numChar: )
Adding  163  *  901 to  1343091
Found word: mul(
numChar: 5
numChar: 9
numChar: 8
numChar: ,
numChar: 5
numChar: 6
numChar: )
Adding  598  *  56 to  1489954
Found word: do()
Found word: mul(
numChar: 9
numChar: 0
numChar: 5
numChar: ,
numChar: 7
numChar: 9
numChar: 1
numChar: )
Adding  905  *  791 to  1523442
Found word: mul(
numChar: 7
numChar: 6
numChar: 7
numChar: ,
numChar: 8
numChar: 9
numChar: )
Adding  767  *  89 to  2239297
Found word: mul(
numChar: 8
numChar: 7
numChar: 4
numChar: ,
numChar: 6
numChar: 6
numChar: 8
numChar: )
Adding  874  *  668 to  2307560
Found word: don't()
Found word: mul(
Found word: mul(
Found word: mul(
Found word: mul(
Found word: mul(
Found word: mul(
Found word: mul(
Found word: mul(
Found word: mul(
Found word: do()
Found word: mul(
numChar: 8
numChar: 0
numChar: 2
numChar: ,
numChar: 7
numChar: 4
numChar: 0
numChar: )
Adding  802  *  740 to  2891392
Found word: mul(
numChar: 2
numChar: 4
numChar: 3
numChar: ,
numChar: 1
numChar: 8
numChar: 3
numChar: )
Adding  243  *  183 to  3484872
Found word: don't()
Found word: mul(
Found word: mul(
Found word: mul(
Found word: mul(
Found word: do()
Found word: mul(
numChar: 3
numChar: 6
numChar: 5
numChar: ,
numChar: 4
numChar: 4
numChar: 4
numChar: )
Adding  365  *  444 to  3529341
Found word: mul(
numChar: 1
numChar: 1
numChar: 4
numChar: ,
numChar: 5
numChar: 0
numChar: 4
numChar: )
Adding  114  *  504 to  3691401
Found word: mul(
numChar: 4
numChar: 8
numChar: 7
numChar: ,
numChar: 6
numChar: 0
numChar: 1
numChar: )
Adding  487  *  601 to  3748857
Found word: mul(
numChar: 9
numChar: 5
numChar: 3
numChar: ,
numChar: 5
numChar: 6
numChar: 0
numChar: )
Adding  953  *  560 to  4041544
Found word: mul(
numChar: 1
numChar: 7
numChar: 4
numChar: ,
numChar: 6
numChar: 6
numChar: 0
numChar: )
Adding  174  *  660 to  4575224
Found word: mul(
numChar: 8
numChar: 0
numChar: 2
numChar: ,
numChar: 4
numChar: 4
numChar: 6
numChar: )
Adding  802  *  446 to  4690064
Found word: mul(
numChar: 3
numChar: 0
numChar: 6
numChar: ,
numChar: 3
numChar: 0
numChar: 4
numChar: )
Adding  306  *  304 to  5047756
Found word: mul(
numChar: 2
numChar: 4
numChar: 1
numChar: ,
numChar: 4
numChar: 9
numChar: 2
numChar: )
Adding  241  *  492 to  5140780
Found word: mul(
numChar: 2
numChar: 9
numChar: 9
numChar: ,
numChar: 8
numChar: 2
numChar: 4
numChar: )
Adding  299  *  824 to  5259352
Found word: mul(
numChar: 8
numChar: 7
numChar: 0
numChar: ,
numChar: 4
numChar: 0
numChar: 5
numChar: )
Adding  870  *  405 to  5505728
Found word: mul(
numChar: 4
numChar: 2
numChar: 2
numChar: ,
numChar: 1
numChar: 8
numChar: 9
numChar: )
Adding  422  *  189 to  5858078
Found word: mul(
numChar: 2
numChar: 7
numChar: 6
numChar: ,
numChar: 9
numChar: 2
numChar: 1
numChar: )
Adding  276  *  921 to  5937836
Found word: mul(
numChar: 9
numChar: 1
numChar: 3
numChar: ,
numChar: 2
numChar: 0
numChar: 7
numChar: )
Adding  913  *  207 to  6192032
Found word: mul(
numChar: 8
numChar: 1
numChar: 8
numChar: ,
numChar: 2
numChar: 6
numChar: 2
numChar: )
Adding  818  *  262 to  6381023
Found word: mul(
numChar: 4
numChar: 4
numChar: 0
numChar: ,
numChar: 8
numChar: 3
numChar: 5
numChar: )
Adding  440  *  835 to  6595339
Found word: mul(
numChar: 3
numChar: 4
numChar: 7
numChar: ,
numChar: 1
numChar: 4
numChar: 0
numChar: )
Adding  347  *  140 to  6962739
Found word: mul(
numChar: 1
numChar: 2
numChar: ,
numChar: 3
numChar: 6
numChar: 1
numChar: )
Adding  12  *  361 to  7011319
Found word: mul(
numChar: 4
numChar: 3
numChar: 2
numChar: ,
numChar: 5
numChar: 7
numChar: 6
numChar: )
Adding  432  *  576 to  7015651
Found word: do()
Found word: mul(
numChar: 3
numChar: 1
numChar: 0
numChar: ,
numChar: 5
numChar: 9
numChar: 2
numChar: )
Adding  310  *  592 to  7264483
Found word: mul(
numChar: 4
numChar: 9
numChar: 2
numChar: ,
numChar: 4
numChar: 7
numChar: 1
numChar: )
Adding  492  *  471 to  7448003
Found word: mul(
numChar: 8
numChar: 3
numChar: 4
numChar: ,
numChar: 5
numChar: 2
numChar: 4
numChar: )
Adding  834  *  524 to  7679735
Found word: mul(
numChar: 2
numChar: 3
numChar: 4
numChar: ,
numChar: 3
numChar: 4
numChar: 0
numChar: )
Adding  234  *  340 to  8116751
Found word: mul(
numChar: 8
numChar: 9
numChar: 1
numChar: ,
numChar: 3
numChar: 9
numChar: 6
numChar: )
Adding  891  *  396 to  8196311
Found word: mul(
numChar: 1
numChar: 4
numChar: 2
numChar: ,
numChar: 5
numChar: 3
numChar: 2
numChar: )
Adding  142  *  532 to  8549147
Found word: mul(
numChar: 3
numChar: 7
numChar: 4
numChar: ,
numChar: 4
numChar: 4
numChar: 7
numChar: )
Adding  374  *  447 to  8624691
Found word: mul(
numChar: 1
numChar: 5
numChar: 5
numChar: ,
numChar: 2
numChar: 2
numChar: 0
numChar: )
Adding  155  *  220 to  8791869
Found word: mul(
numChar: 7
numChar: 2
numChar: 1
numChar: ,
numChar: 7
numChar: 5
numChar: 0
numChar: )
Adding  721  *  750 to  8825969
Found word: mul(
numChar: 7
numChar: 7
numChar: 8
numChar: ,
numChar: 2
numChar: 6
numChar: 0
numChar: )
Adding  778  *  260 to  9366719
Found word: mul(
numChar: 7
numChar: 7
numChar: 7
numChar: ,
numChar: 3
numChar: 1
numChar: 2
numChar: )
Adding  777  *  312 to  9568999
Found word: mul(
numChar: 6
numChar: 2
numChar: 3
numChar: ,
numChar: 1
numChar: 0
numChar: 1
numChar: )
Adding  623  *  101 to  9811423
Found word: mul(
numChar: 1
numChar: 2
numChar: 7
numChar: ,
numChar: 3
numChar: 6
numChar: 1
numChar: )
Adding  127  *  361 to  9874346
Found word: mul(
numChar: 1
numChar: 3
numChar: 9
numChar: ,
numChar: 8
numChar: 2
numChar: 2
numChar: )
Adding  139  *  822 to  9920193
Found word: mul(
numChar: 4
numChar: 6
numChar: 5
numChar: ,
numChar: 8
numChar: 6
numChar: 9
numChar: )
Adding  465  *  869 to  10034451
Found word: mul(
numChar: 6
numChar: 7
numChar: 7
numChar: ,
numChar: 8
numChar: 9
numChar: 8
numChar: )
Adding  677  *  898 to  10438536
Found word: mul(
numChar: 2
numChar: 4
numChar: 0
numChar: ,
numChar: 1
numChar: 1
numChar: 0
numChar: )
Adding  240  *  110 to  11046482
Found word: mul(
numChar: 9
numChar: 9
numChar: 4
numChar: ,
numChar: 9
numChar: 3
numChar: 1
numChar: )
Adding  994  *  931 to  11072882
Found word: mul(
numChar: 4
numChar: 4
numChar: 9
numChar: ,
numChar: 7
numChar: 4
numChar: 5
numChar: )
Adding  449  *  745 to  11998296
Found word: mul(
numChar: 2
numChar: 1
numChar: 7
numChar: ,
numChar: 6
numChar: 9
numChar: 6
numChar: )
Adding  217  *  696 to  12332801
Found word: mul(
numChar: 2
numChar: 2
numChar: 1
numChar: ,
numChar: 8
numChar: 3
numChar: 6
numChar: )
Adding  221  *  836 to  12483833
Found word: mul(
numChar: 8
numChar: 7
numChar: 1
numChar: ,
numChar: 6
numChar: 4
numChar: 6
numChar: )
Adding  871  *  646 to  12668589
Found word: mul(
numChar: 6
numChar: 4
numChar: 9
numChar: ,
numChar: 8
numChar: 5
numChar: 1
numChar: )
Adding  649  *  851 to  13231255
Found word: do()
Found word: mul(
numChar: 2
numChar: 0
numChar: 3
numChar: ,
numChar: 5
numChar: 4
numChar: 9
numChar: )
Adding  203  *  549 to  13783554
Found word: mul(
numChar: 5
numChar: 6
numChar: 6
numChar: ,
numChar: 7
numChar: 2
numChar: 3
numChar: )
Adding  566  *  723 to  13895001
Found word: mul(
numChar: 7
numChar: 1
numChar: ,
numChar: 8
numChar: 8
numChar: )
Adding  71  *  88 to  14304219
Found word: mul(
numChar: 6
numChar: 8
numChar: 0
numChar: ,
numChar: 4
numChar: 5
numChar: 0
numChar: )
Adding  680  *  450 to  14310467
Found word: mul(
numChar: 4
numChar: 3
numChar: ,
numChar: 2
numChar: 2
numChar: 9
numChar: )
Adding  43  *  229 to  14616467
Found word: mul(
numChar: 7
numChar: 1
numChar: 5
numChar: ,
numChar: 6
numChar: 8
numChar: 9
numChar: )
Adding  715  *  689 to  14626314
Found word: mul(
numChar: 2
numChar: 4
numChar: 4
numChar: ,
numChar: 4
numChar: 9
numChar: 2
numChar: )
Adding  244  *  492 to  15118949
Found word: mul(
numChar: 1
numChar: 1
numChar: 4
numChar: ,
numChar: 8
numChar: 6
numChar: 8
numChar: )
Adding  114  *  868 to  15238997
Found word: mul(
numChar: 5
numChar: 7
numChar: ,
numChar: 1
numChar: 2
numChar: 2
numChar: )
Adding  57  *  122 to  15337949
Found word: mul(
numChar: 5
numChar: 6
numChar: 9
numChar: ,
numChar: 5
numChar: 5
numChar: 2
numChar: )
Adding  569  *  552 to  15344903
Found word: mul(
numChar: 1
numChar: 5
numChar: 5
numChar: ,
numChar: 3
numChar: 7
numChar: 9
numChar: )
Adding  155  *  379 to  15658991
Found word: mul(
numChar: 3
numChar: 9
numChar: 8
numChar: ,
numChar: 2
numChar: 7
numChar: 0
numChar: )
Adding  398  *  270 to  15717736
Found word: mul(
numChar: 2
numChar: 4
numChar: 9
numChar: ,
numChar: 7
numChar: 4
numChar: 9
numChar: )
Adding  249  *  749 to  15825196
Found word: mul(
numChar: 4
numChar: 6
numChar: 7
numChar: ,
numChar: 2
numChar: 4
numChar: 3
numChar: )
Adding  467  *  243 to  16011697
Found word: don't()
Found word: mul(
Found word: mul(
Found word: mul(
Found word: do()
Found word: mul(
numChar: 3
numChar: 5
numChar: 2
numChar: ,
numChar: 4
numChar: 9
numChar: 6
numChar: )
Adding  352  *  496 to  16125178
Found word: don't()
Found word: mul(
Found word: mul(
Found word: don't()
Found word: mul(
Found word: mul(
Found word: mul(
Found word: mul(
Found word: mul(
Found word: mul(
Found word: mul(
Found word: mul(
Found word: mul(
Found word: mul(
Found word: mul(
Found word: mul(
Found word: mul(
Found word: mul(
Found word: mul(
Found word: mul(
Found word: mul(
Found word: mul(
Found word: mul(
Found word: mul(
Found word: mul(
Found word: mul(
Found word: mul(
Found word: mul(
Found word: mul(
Found word: mul(
Found word: mul(
Found word: mul(
Found word: mul(
Found word: mul(
Found word: mul(
Found word: mul(
Found word: mul(
Found word: mul(
Found word: mul(
Found word: mul(
Found word: mul(
Found word: mul(
Found word: do()
Found word: mul(
numChar: 8
numChar: 0
numChar: 7
numChar: ,
numChar: 9
numChar: 5
numChar: 6
numChar: )
Adding  807  *  956 to  16299770
Found word: mul(
numChar: 7
numChar: 7
numChar: 3
numChar: ,
numChar: 7
numChar: 4
numChar: 6
numChar: )
Adding  773  *  746 to  17071262
Found word: mul(
numChar: 4
numChar: 4
numChar: 5
numChar: ,
numChar: 5
numChar: 2
numChar: 6
numChar: )
Adding  445  *  526 to  17647920
Found word: mul(
numChar: 4
numChar: 2
numChar: 0
numChar: ,
numChar: 8
numChar: 8
numChar: 5
numChar: )
Adding  420  *  885 to  17881990
Found word: mul(
numChar: 5
numChar: 8
numChar: 8
numChar: ,
numChar: 8
numChar: 1
numChar: 0
numChar: &
Found word: don't()
Found word: mul(
Found word: mul(
Found word: mul(
Found word: mul(
Found word: mul(
Found word: mul(
Found word: mul(
Found word: mul(
Found word: mul(
Found word: mul(
Found word: mul(
Found word: mul(
Found word: mul(
Found word: mul(
Found word: mul(
Found word: mul(
Found word: don't()
Found word: mul(
Found word: mul(
Found word: mul(
Found word: mul(
Found word: mul(
Found word: mul(
Found word: mul(
Found word: do()
Found word: mul(
numChar: 6
numChar: 3
numChar: ,
numChar: 6
numChar: 8
numChar: 9
numChar: )
Adding  63  *  689 to  18253690
Found word: mul(
numChar: 2
numChar: 1
numChar: 6
numChar: ,
numChar: 3
numChar: 1
numChar: 5
numChar: )
Adding  216  *  315 to  18297097
Found word: mul(
numChar: 1
numChar: 8
numChar: 1
numChar: ,
numChar: 1
numChar: 2
numChar: 4
numChar: )
Adding  181  *  124 to  18365137
Found word: mul(
numChar: 6
numChar: 9
numChar: 6
numChar: ,
numChar: 3
numChar: 8
numChar: 5
numChar: )
Adding  696  *  385 to  18387581
Found word: mul(
numChar: 9
numChar: 0
numChar: 8
numChar: ,
numChar: 2
numChar: 5
numChar: 3
numChar: )
Adding  908  *  253 to  18655541
Found word: mul(
numChar: 9
numChar: 9
numChar: 8
numChar: ,
numChar: 8
numChar: 8
numChar: 2
numChar: )
Adding  998  *  882 to  18885265
Found word: mul(
numChar: 7
numChar: 8
numChar: 3
numChar: ,
numChar: 4
numChar: 9
numChar: 2
numChar: )
Adding  783  *  492 to  19765501
Found word: mul(
numChar: 8
numChar: 6
numChar: 3
numChar: ,
numChar: 4
numChar: 9
numChar: 9
numChar: )
Adding  863  *  499 to  20150737
Found word: mul(
numChar: 2
numChar: 3
numChar: ,
numChar: 3
numChar: 4
numChar: 1
numChar: )
Adding  23  *  341 to  20581374
Found word: mul(
numChar: 6
numChar: 5
numChar: 5
numChar: ,
numChar: 1
numChar: 3
numChar: 5
numChar: )
Adding  655  *  135 to  20589217
Found word: mul(
numChar: 6
numChar: 6
numChar: 1
numChar: ,
numChar: 3
numChar: 2
numChar: 5
numChar: )
Adding  661  *  325 to  20677642
Found word: mul(
numChar: 3
numChar: 9
numChar: 4
numChar: ,
numChar: 9
numChar: 4
numChar: 9
numChar: )
Adding  394  *  949 to  20892467
Found word: mul(
numChar: 5
numChar: 6
numChar: 4
numChar: -
Found word: do()
Found word: mul(
numChar: 9
numChar: 3
numChar: 0
numChar: ,
numChar: 2
numChar: 2
numChar: )
Adding  930  *  22 to  21266373
Found word: mul(
numChar: 8
numChar: 9
numChar: 1
numChar: ,
numChar: 1
numChar: 1
numChar: 1
numChar: )
Adding  891  *  111 to  21286833
Found word: do()
Found word: mul(
numChar: 4
numChar: 7
numChar: 5
numChar: ,
numChar: 6
numChar: 0
numChar: 3
numChar: )
Adding  475  *  603 to  21385734
Found word: mul(
numChar: 3
numChar: 2
numChar: 5
numChar: ,
numChar: 6
numChar: 1
numChar: 8
numChar: )
Adding  325  *  618 to  21672159
Found word: mul(
numChar: 3
numChar: 6
numChar: 8
numChar: ,
numChar: 1
numChar: 1
numChar: 6
numChar: )
Adding  368  *  116 to  21873009
Found word: mul(
numChar: 7
numChar: 1
numChar: 3
numChar: ,
numChar: 6
numChar: 9
numChar: 4
numChar: )
Adding  713  *  694 to  21915697
Found word: mul(
numChar: 2
numChar: 3
numChar: 1
numChar: ,
numChar: 5
numChar: 9
numChar: 6
numChar: )
Adding  231  *  596 to  22410519
Found word: mul(
numChar: 9
numChar: 2
numChar: 1
numChar: ,
numChar: 6
numChar: 3
numChar: )
Adding  921  *  63 to  22548195
Found word: mul(
numChar: 6
numChar: 9
numChar: 9
numChar: ,
numChar: 9
numChar: 6
numChar: 8
numChar: )
Adding  699  *  968 to  22606218
Found word: mul(
numChar: 5
numChar: 9
numChar: 5
numChar: ,
numChar: 5
numChar: 4
numChar: 8
numChar: )
Adding  595  *  548 to  23282850
Found word: mul(
numChar: 8
numChar: 6
numChar: 3
numChar: ,
numChar: 8
numChar: 6
numChar: 6
numChar: )
Adding  863  *  866 to  23608910
Found word: mul(
numChar: 8
numChar: 1
numChar: 9
numChar: ,
numChar: 2
numChar: 0
numChar: 5
numChar: )
Adding  819  *  205 to  24356268
Found word: do()
Found word: mul(
numChar: 9
numChar: 4
numChar: 7
numChar: ,
numChar: 5
numChar: 5
numChar: 7
numChar: )
Adding  947  *  557 to  24524163
Found word: mul(
numChar: 5
numChar: 6
numChar: 6
numChar: !
Found word: mul(
numChar: 5
numChar: 9
numChar: 5
numChar: ,
numChar: 5
numChar: 6
numChar: 1
numChar: )
Adding  595  *  561 to  25051642
Found word: mul(
numChar: 7
numChar: 6
numChar: 6
numChar: ,
numChar: 7
numChar: 3
numChar: 0
numChar: )
Adding  766  *  730 to  25385437
Found word: mul(
numChar: 9
numChar: 6
numChar: 9
numChar: ,
numChar: 2
numChar: 9
numChar: 2
numChar: )
Adding  969  *  292 to  25944617
Found word: mul(
numChar: 8
numChar: 0
numChar: 8
numChar: ,
numChar: 2
numChar: 4
numChar: 2
numChar: )
Adding  808  *  242 to  26227565
Found word: mul(
numChar: 2
numChar: 4
numChar: 1
numChar: ,
numChar: 7
numChar: 8
numChar: 6
numChar: )
Adding  241  *  786 to  26423101
Found word: mul(
numChar: 3
numChar: 9
numChar: 5
numChar: ,
numChar: 1
numChar: 8
numChar: 0
numChar: )
Adding  395  *  180 to  26612527
Found word: mul(
numChar: 5
numChar: 4
numChar: 3
numChar: ,
numChar: 1
numChar: 8
numChar: 2
numChar: )
Adding  543  *  182 to  26683627
Found word: mul(
numChar: 2
numChar: 4
numChar: 2
numChar: ,
numChar: 4
numChar: 3
numChar: 9
numChar: )
Adding  242  *  439 to  26782453
Found word: mul(
numChar: 2
numChar: 1
numChar: 1
numChar: ,
numChar: 6
numChar: 9
numChar: 6
numChar: w
Found word: don't()
Found word: mul(
Found word: mul(
Found word: mul(
Found word: don't()
Found word: mul(
Found word: mul(
Found word: mul(
Found word: mul(
Found word: mul(
Found word: mul(
Found word: mul(
Found word: mul(
Found word: mul(
Found word: mul(
Found word: mul(
Found word: mul(
Found word: mul(
Found word: mul(
Found word: mul(
Found word: mul(
Found word: mul(
Found word: don't()
Found word: mul(
Found word: mul(
Found word: mul(
Found word: mul(
Found word: mul(
Found word: mul(
Found word: mul(
Found word: mul(
Found word: mul(
Found word: mul(
Found word: mul(
Found word: do()
Found word: mul(
numChar: 6
numChar: 0
numChar: ,
numChar: 8
numChar: 6
numChar: 2
numChar: )
Adding  60  *  862 to  26888691
Found word: mul(
numChar: 1
numChar: 7
numChar: 5
numChar: ,
numChar: 5
numChar: 4
numChar: 6
numChar: )
Adding  175  *  546 to  26940411
Found word: mul(
numChar: 6
numChar: 5
numChar: ,
numChar: 6
numChar: 5
numChar: 6
numChar: )
Adding  65  *  656 to  27035961
Found word: mul(
numChar: 3
numChar: 6
numChar: 7
numChar: ,
numChar: 3
numChar: 7
numChar: 5
numChar: @
Found word: mul(
numChar: 8
numChar: 9
numChar: 8
numChar: ,
numChar: 6
numChar: 2
numChar: 6
numChar: )
Adding  898  *  626 to  27078601
Found word: mul(
numChar: 7
numChar: 0
numChar: 5
numChar: ,
numChar: 6
numChar: 5
numChar: 4
numChar: )
Adding  705  *  654 to  27640749
Found word: mul(
numChar: 1
numChar: 8
numChar: 8
numChar: ,
numChar: 2
numChar: 5
numChar: )
Adding  188  *  25 to  28101819
Found word: mul(
numChar: 4
numChar: 5
numChar: 6
numChar: ,
numChar: 3
numChar: 2
numChar: 6
numChar: )
Adding  456  *  326 to  28106519
Found word: mul(
numChar: 4
numChar: 8
numChar: 1
numChar: ,
numChar: 9
numChar: 3
numChar: )
Adding  481  *  93 to  28255175
Found word: mul(
numChar: 4
numChar: 7
numChar: 3
numChar: ,
numChar: 8
numChar: 5
numChar: 5
numChar: )
Adding  473  *  855 to  28299908
Found word: mul(
numChar: 7
numChar: 1
numChar: 4
numChar: ,
numChar: 6
numChar: 5
numChar: 3
numChar: )
Adding  714  *  653 to  28704323
Found word: mul(
numChar: 9
numChar: 8
numChar: #
Found word: mul(
numChar: 2
numChar: 3
numChar: ,
numChar: 9
numChar: 8
numChar: 8
numChar: )
Adding  23  *  988 to  29170565
Found word: mul(
numChar: 5
numChar: 6
numChar: 1
numChar: ,
numChar: 2
numChar: 5
numChar: 1
numChar: )
Adding  561  *  251 to  29193289
Found word: mul(
numChar: 3
numChar: 1
numChar: 5
numChar: ,
numChar: 5
numChar: 9
numChar: 6
numChar: )
Adding  315  *  596 to  29334100
Found word: mul(
numChar: 1
numChar: 5
numChar: 1
numChar: ,
numChar: 9
numChar: 3
numChar: 3
numChar: )
Adding  151  *  933 to  29521840
Found word: mul(
numChar: 8
numChar: 8
numChar: 3
numChar: ,
numChar: 4
numChar: 7
numChar: 4
numChar: )
Adding  883  *  474 to  29662723
Found word: don't()
Found word: mul(
Found word: mul(
Found word: mul(
Found word: mul(
Found word: mul(
Found word: mul(
Found word: mul(
Found word: mul(
Found word: mul(
Found word: mul(
Found word: mul(
Found word: mul(
Found word: don't()
Found word: mul(
Found word: mul(
Found word: mul(
Found word: mul(
Found word: don't()
Found word: mul(
Found word: mul(
Found word: don't()
Found word: mul(
Found word: mul(
Found word: mul(
Found word: don't()
Found word: mul(
Found word: mul(
Found word: do()
Found word: mul(
numChar: 2
numChar: 0
numChar: 9
numChar: ,
numChar: 3
numChar: 3
numChar: 1
numChar: )
Adding  209  *  331 to  30081265
Found word: don't()
Found word: mul(
Found word: mul(
Found word: mul(
Found word: mul(
Found word: mul(
Found word: mul(
Found word: do()
Found word: mul(
numChar: 5
numChar: 6
numChar: 6
numChar: ,
numChar: 8
numChar: 4
numChar: 5
numChar: )
Adding  566  *  845 to  30150444
Found word: mul(
numChar: 2
numChar: 5
numChar: 6
numChar: ,
numChar: 8
numChar: 6
numChar: 4
numChar: )
Adding  256  *  864 to  30628714
Found word: mul(
numChar: 3
numChar: 5
numChar: 9
numChar: ,
numChar: 8
numChar: 9
numChar: 3
numChar: )
Adding  359  *  893 to  30849898
Found word: mul(
numChar: 7
numChar: 1
numChar: 5
numChar: ,
numChar: 9
numChar: 2
numChar: 3
numChar: ,
Found word: mul(
numChar: 5
numChar: 5
numChar: 0
numChar: ,
numChar: 4
numChar: 3
numChar: 2
numChar: )
Adding  550  *  432 to  31170485
Found word: mul(
numChar: 1
numChar: 9
numChar: 9
numChar: ,
numChar: 8
numChar: 1
numChar: 1
numChar: )
Adding  199  *  811 to  31408085
Found word: mul(
numChar: 2
numChar: 9
numChar: 3
numChar: ,
numChar: 6
numChar: 8
numChar: 9
numChar: )
Adding  293  *  689 to  31569474
Found word: mul(
numChar: 2
numChar: 9
numChar: 8
numChar: ,
numChar: 6
numChar: 2
numChar: 8
numChar: )
Adding  298  *  628 to  31771351
Found word: mul(
numChar: 4
numChar: 1
numChar: 2
numChar: ,
numChar: 4
numChar: 0
numChar: 3
numChar: /
Found word: do()
Found word: mul(
numChar: 2
numChar: 2
numChar: 8
numChar: ,
numChar: 7
numChar: 7
numChar: 4
numChar: )
Adding  228  *  774 to  31958495
Found word: don't()
Found word: mul(
Found word: mul(
Found word: mul(
Found word: don't()
Found word: mul(
Found word: mul(
Found word: mul(
Found word: mul(
Found word: mul(
Found word: mul(
Found word: mul(
Found word: mul(
Found word: mul(
Found word: do()
Found word: mul(
numChar: 4
numChar: 1
numChar: 7
numChar: ,
numChar: 7
numChar: 1
numChar: 3
numChar: )
Adding  417  *  713 to  32134967
Found word: mul(
numChar: 7
numChar: 5
numChar: 1
numChar: ,
numChar: 6
numChar: 0
numChar: 2
numChar: )
Adding  751  *  602 to  32432288
Found word: mul(
numChar: 7
numChar: 3
numChar: 1
numChar: ,
numChar: 8
numChar: 2
numChar: 7
numChar: )
Adding  731  *  827 to  32884390
Found word: mul(
numChar: 3
numChar: 0
numChar: 2
numChar: ,
numChar: 3
numChar: 7
numChar: 7
numChar: )
Adding  302  *  377 to  33488927
Found word: mul(
numChar: 8
numChar: 1
numChar: 4
numChar: ,
numChar: 1
numChar: 0
numChar: 3
numChar: w
Found word: mul(
numChar: 6
numChar: 5
numChar: 8
numChar: ,
numChar: 2
numChar: 4
numChar: 2
numChar: )
Adding  658  *  242 to  33602781
Found word: mul(
numChar: 3
numChar: 9
numChar: 3
numChar: ,
numChar: 2
numChar: 8
numChar: 6
numChar: )
Adding  393  *  286 to  33762017
Found word: mul(
numChar: 1
numChar: 4
numChar: 3
numChar: ,
numChar: 7
numChar: 4
numChar: 7
numChar: )
Adding  143  *  747 to  33874415
Found word: mul(
numChar: 6
numChar: 5
numChar: 4
numChar: ,
numChar: 9
numChar: 2
numChar: 3
numChar: )
Adding  654  *  923 to  33981236
Found word: mul(
numChar: 4
numChar: 1
numChar: 2
numChar: ,
numChar: 6
numChar: 1
numChar: 9
numChar: )
Adding  412  *  619 to  34584878
Found word: mul(
numChar: 9
numChar: 4
numChar: ,
numChar: 3
numChar: 9
numChar: 5
numChar: )
Adding  94  *  395 to  34839906
Found word: mul(
numChar: 5
numChar: 4
numChar: 3
numChar: ,
numChar: 1
numChar: 4
numChar: 0
numChar: )
Adding  543  *  140 to  34877036
Found word: mul(
numChar: 8
numChar: 9
numChar: 4
numChar: ,
numChar: 7
numChar: 1
numChar: 7
numChar: )
Adding  894  *  717 to  34953056
Found word: mul(
numChar: 1
numChar: 9
numChar: 4
numChar: ,
numChar: 3
numChar: 2
numChar: )
Adding  194  *  32 to  35594054
Found word: mul(
numChar: 9
numChar: 5
numChar: 2
numChar: ,
numChar: 7
numChar: 5
numChar: 1
numChar: )
Adding  952  *  751 to  35600262
Found word: mul(
numChar: 5
numChar: 6
numChar: 4
numChar: ,
numChar: 3
numChar: 6
numChar: 8
numChar: )
Adding  564  *  368 to  36315214
Found word: mul(
numChar: 5
numChar: 7
numChar: 8
numChar: ,
numChar: 1
numChar: 1
numChar: 9
numChar: )
Adding  578  *  119 to  36522766
Found word: mul(
numChar: 2
numChar: 5
numChar: 7
numChar: ,
numChar: 1
numChar: 7
numChar: 2
numChar: )
Adding  257  *  172 to  36591548
Found word: mul(
numChar: 4
numChar: 6
numChar: 0
numChar: ,
numChar: 1
numChar: 6
numChar: 5
numChar: )
Adding  460  *  165 to  36635752
Found word: mul(
numChar: 3
numChar: 2
numChar: 2
numChar: ,
numChar: 6
numChar: 6
numChar: 0
numChar: )
Adding  322  *  660 to  36711652
Found word: mul(
numChar: 3
numChar: 4
numChar: 1
numChar: ,
numChar: 1
numChar: 8
numChar: 8
numChar: )
Adding  341  *  188 to  36924172
Found word: mul(
numChar: 3
numChar: 6
numChar: 5
numChar: ,
numChar: 4
numChar: 7
numChar: 6
numChar: )
Adding  365  *  476 to  36988280
Found word: mul(
numChar: 4
numChar: 1
numChar: 1
numChar: ,
numChar: 8
numChar: 9
numChar: 5
numChar: )
Adding  411  *  895 to  37162020
Found word: don't()
Found word: mul(
Found word: mul(
Found word: mul(
Found word: mul(
Found word: mul(
Found word: mul(
Found word: mul(
Found word: mul(
Found word: mul(
Found word: mul(
Found word: mul(
Found word: mul(
Found word: mul(
Found word: mul(
Found word: mul(
Found word: mul(
Found word: mul(
Found word: mul(
Found word: mul(
Found word: mul(
Found word: do()
Found word: mul(
numChar: 3
numChar: 5
numChar: 1
numChar: ,
numChar: 3
numChar: 9
numChar: 7
numChar: )
Adding  351  *  397 to  37529865
Found word: mul(
numChar: 5
numChar: 9
numChar: 1
numChar: ,
numChar: 3
numChar: 9
numChar: 4
numChar: )
Adding  591  *  394 to  37669212
Found word: mul(
numChar: 5
numChar: 8
numChar: 1
numChar: ,
numChar: 9
numChar: 9
numChar: 2
numChar: )
Adding  581  *  992 to  37902066
Found word: don't()
Found word: mul(
Found word: mul(
Found word: mul(
Found word: mul(
Found word: mul(
Found word: mul(
Found word: mul(
Found word: mul(
Found word: mul(
Found word: don't()
Found word: mul(
Found word: mul(
Found word: don't()
Found word: mul(
Found word: mul(
Found word: mul(
Found word: mul(
Found word: mul(
Found word: mul(
Found word: do()
Found word: mul(
numChar: 4
numChar: 1
numChar: 6
numChar: ,
numChar: 2
numChar: 2
numChar: 2
numChar: )
Adding  416  *  222 to  38478418
Found word: mul(
numChar: 7
numChar: 8
numChar: ,
numChar: 1
numChar: 8
numChar: 2
numChar: )
Adding  78  *  182 to  38570770
Found word: mul(
numChar: 4
numChar: 5
numChar: 6
numChar: ,
numChar: 1
numChar: 3
numChar: 5
numChar: )
Adding  456  *  135 to  38584966
Found word: mul(
numChar: 4
numChar: 6
numChar: 9
numChar: ,
numChar: 8
numChar: 6
numChar: 4
numChar: )
Adding  469  *  864 to  38646526
Found word: mul(
numChar: 8
numChar: 0
numChar: ,
numChar: 4
numChar: 9
numChar: 2
numChar: )
Adding  80  *  492 to  39051742
Found word: mul(
numChar: 9
numChar: 7
numChar: 0
numChar: ,
numChar: 8
numChar: 7
numChar: 2
numChar: )
Adding  970  *  872 to  39091102
Found word: mul(
numChar: 9
numChar: 8
numChar: 9
numChar: ,
numChar: 6
numChar: 9
numChar: 9
numChar: )
Adding  989  *  699 to  39936942
Found word: mul(
numChar: 9
numChar: 9
numChar: 8
numChar: ,
numChar: 1
numChar: 2
numChar: 7
numChar: )
Adding  998  *  127 to  40628253
Found word: mul(
numChar: 2
numChar: 4
numChar: 6
numChar: ,
numChar: 1
numChar: 6
numChar: 9
numChar: )
Adding  246  *  169 to  40754999
Found word: mul(
numChar: 5
numChar: 6
numChar: 4
numChar: ,
numChar: 2
numChar: 5
numChar: 4
numChar: )
Adding  564  *  254 to  40796573
Found word: mul(
numChar: 5
numChar: 8
numChar: 5
numChar: ,
numChar: 2
numChar: 8
numChar: )
Adding  585  *  28 to  40939829
Found word: mul(
numChar: 1
numChar: 0
numChar: 5
numChar: ,
numChar: 9
numChar: 2
numChar: 6
numChar: )
Adding  105  *  926 to  40956209
Found word: mul(
numChar: 9
numChar: 0
numChar: 3
numChar: ,
numChar: 2
numChar: 2
numChar: 4
numChar: )
Adding  903  *  224 to  41053439
Found word: mul(
numChar: 4
numChar: 1
numChar: 9
numChar: ,
numChar: 7
numChar: 4
numChar: 5
numChar: )
Adding  419  *  745 to  41255711
Found word: mul(
numChar: 5
numChar: 5
numChar: 5
numChar: ,
numChar: 2
numChar: 2
numChar: 5
numChar: )
Adding  555  *  225 to  41567866
Found word: mul(
numChar: 7
numChar: 6
numChar: 8
numChar: ,
numChar: 4
numChar: 5
numChar: 5
numChar: )
Adding  768  *  455 to  41692741
Found word: mul(
numChar: 7
numChar: 5
numChar: 7
numChar: ,
numChar: 4
numChar: 9
numChar: )
Adding  757  *  49 to  42042181
Found word: do()
Found word: mul(
numChar: 3
numChar: 7
numChar: 7
numChar: ,
numChar: 3
numChar: 4
numChar: 3
numChar: )
Adding  377  *  343 to  42079274
Found word: mul(
numChar: 7
numChar: 3
numChar: 1
numChar: ,
numChar: 5
numChar: 1
numChar: 8
numChar: )
Adding  731  *  518 to  42208585
Found word: mul(
numChar: 1
numChar: 0
numChar: 4
numChar: ,
numChar: 1
numChar: 5
numChar: 9
numChar: )
Adding  104  *  159 to  42587243
Found word: mul(
numChar: 8
numChar: 6
numChar: 4
numChar: ,
numChar: 2
numChar: 4
numChar: 8
numChar: )
Adding  864  *  248 to  42603779
Found word: do()
Found word: mul(
numChar: 6
numChar: 7
numChar: 1
numChar: ,
numChar: 8
numChar: 1
numChar: 0
numChar: )
Adding  671  *  810 to  42818051
Found word: mul(
numChar: 3
numChar: 7
numChar: 3
numChar: ,
numChar: 2
numChar: 9
numChar: 5
numChar: )
Adding  373  *  295 to  43361561
Found word: mul(
numChar: 6
numChar: 1
numChar: 2
numChar: ,
numChar: 2
numChar: 4
numChar: 3
numChar: )
Adding  612  *  243 to  43471596
Found word: mul(
numChar: 5
numChar: 1
numChar: 7
numChar: ,
numChar: 3
numChar: 8
numChar: 5
numChar: )
Adding  517  *  385 to  43620312
Found word: mul(
numChar: 5
numChar: 6
numChar: 9
numChar: ,
numChar: 6
numChar: 6
numChar: 0
numChar: )
Adding  569  *  660 to  43819357
Found word: mul(
numChar: 1
numChar: 4
numChar: 9
numChar: ,
numChar: 2
numChar: 6
numChar: 8
numChar: )
Adding  149  *  268 to  44194897
Found word: mul(
numChar: 7
numChar: 6
numChar: 3
numChar: ,
numChar: 8
numChar: 2
numChar: 4
numChar: )
Adding  763  *  824 to  44234829
Found word: mul(
numChar: 4
numChar: 3
numChar: 2
numChar: ,
numChar: 3
numChar: 6
numChar: 8
numChar: )
Adding  432  *  368 to  44863541
Found word: mul(
numChar: 3
numChar: 5
numChar: 5
numChar: ,
numChar: 5
numChar: 9
numChar: 3
numChar: )
Adding  355  *  593 to  45022517
Found word: mul(
numChar: 3
numChar: 2
numChar: 5
numChar: ,
numChar: 3
numChar: 4
numChar: )
Adding  325  *  34 to  45233032
Found word: mul(
numChar: 6
numChar: 0
numChar: 1
numChar: ,
numChar: 7
numChar: 6
numChar: 5
numChar: )
Adding  601  *  765 to  45244082
Found word: don't()
Found word: mul(
Found word: mul(
Found word: mul(
Found word: mul(
Found word: don't()
Found word: mul(
Found word: mul(
Found word: mul(
Found word: mul(
Found word: mul(
Found word: mul(
Found word: mul(
Found word: mul(
Found word: mul(
Found word: do()
Found word: mul(
numChar: 5
numChar: 6
numChar: 6
numChar: ,
numChar: 6
numChar: 6
numChar: 9
numChar: )
Adding  566  *  669 to  45703847
Found word: mul(
numChar: 8
numChar: 5
numChar: 9
numChar: ,
numChar: 2
numChar: 1
numChar: 0
numChar: )
Adding  859  *  210 to  46082501
Found word: mul(
numChar: 8
numChar: 7
numChar: 4
numChar: ,
numChar: 7
numChar: 9
numChar: 9
numChar: )
Adding  874  *  799 to  46262891
Found word: mul(
numChar: 7
numChar: 5
numChar: 7
numChar: ,
numChar: 5
numChar: 2
numChar: 4
numChar: ]
Found word: mul(
numChar: 3
numChar: 2
numChar: 8
numChar: ,
numChar: 1
numChar: 1
numChar: 2
numChar: )
Adding  328  *  112 to  46961217
Found word: do()
Found word: mul(
numChar: 5
numChar: 7
numChar: 6
numChar: ,
numChar: 7
numChar: 1
numChar: 7
numChar: )
Adding  576  *  717 to  46997953
Found word: mul(
numChar: 9
numChar: 8
numChar: 5
numChar: ,
numChar: 6
numChar: 5
numChar: 8
numChar: )
Adding  985  *  658 to  47410945
Found word: mul(
numChar: 4
numChar: 3
numChar: 7
numChar: ,
numChar: 7
numChar: 5
numChar: 6
numChar: )
Adding  437  *  756 to  48059075
Found word: don't()
Found word: mul(
Found word: mul(
Found word: mul(
Found word: mul(
Found word: mul(
Found word: don't()
Found word: mul(
Found word: mul(
Found word: mul(
Found word: mul(
Found word: mul(
Found word: mul(
Found word: mul(
Found word: do()
Found word: mul(
numChar: 3
numChar: 6
numChar: 7
numChar: ,
numChar: 1
numChar: 1
numChar: 4
numChar: )
Adding  367  *  114 to  48389447
Found word: mul(
numChar: 8
numChar: 5
numChar: 7
numChar: ,
numChar: 6
numChar: 7
numChar: 9
numChar: )
Adding  857  *  679 to  48431285
Found word: mul(
numChar: 7
numChar: 1
numChar: 0
numChar: ,
numChar: 2
numChar: 5
numChar: 2
numChar: )
Adding  710  *  252 to  49013188
Found word: mul(
numChar: 1
numChar: 0
numChar: 6
numChar: ,
numChar: 3
numChar: 2
numChar: 1
numChar: )
Adding  106  *  321 to  49192108
Found word: mul(
numChar: 3
numChar: 9
numChar: 3
numChar: ,
numChar: 5
numChar: 8
numChar: 3
numChar: )
Adding  393  *  583 to  49226134
Found word: mul(
numChar: 7
numChar: 3
numChar: 3
numChar: ,
numChar: 7
numChar: 4
numChar: 4
numChar: )
Adding  733  *  744 to  49455253
Found word: mul(
numChar: 3
numChar: 3
numChar: 0
numChar: ,
numChar: 4
numChar: 3
numChar: )
Adding  330  *  43 to  50000605
Found word: mul(
numChar: 7
numChar: 9
numChar: ,
numChar: 2
numChar: 9
numChar: <
Found word: mul(
numChar: 5
numChar: 3
numChar: 6
numChar: ,
numChar: 1
numChar: 4
numChar: 5
numChar: )
Adding  536  *  145 to  50014795
Found word: mul(
numChar: 6
numChar: 6
numChar: 0
numChar: ,
numChar: 5
numChar: 0
numChar: 1
numChar: )
Adding  660  *  501 to  50092515
Found word: mul(
numChar: 8
numChar: 5
numChar: 9
numChar: ,
numChar: 3
numChar: 8
numChar: 7
numChar: )
Adding  859  *  387 to  50423175
Found word: mul(
numChar: 5
numChar: 4
numChar: 8
numChar: ,
numChar: 1
numChar: 0
numChar: )
Adding  548  *  10 to  50755608
Found word: mul(
numChar: 1
numChar: 9
numChar: 9
numChar: ,
numChar: 7
numChar: 8
numChar: 7
numChar: )
Adding  199  *  787 to  50761088
Found word: do()
Found word: mul(
numChar: 1
numChar: 9
numChar: 7
numChar: ,
numChar: 5
numChar: 0
numChar: 0
numChar: )
Adding  197  *  500 to  50917701
Found word: mul(
numChar: 7
numChar: 0
numChar: 9
numChar: ,
numChar: 9
numChar: 5
numChar: 1
numChar: )
Adding  709  *  951 to  51016201
Found word: mul(
numChar: 2
numChar: 2
numChar: 5
numChar: ,
numChar: 2
numChar: 6
numChar: 3
numChar: )
Adding  225  *  263 to  51690460
Found word: mul(
numChar: 7
numChar: 7
numChar: 1
numChar: ,
numChar: 6
numChar: 7
numChar: 3
numChar: )
Adding  771  *  673 to  51749635
Found word: mul(
numChar: 7
numChar: 4
numChar: 6
numChar: ,
numChar: 2
numChar: 9
numChar: 1
numChar: )
Adding  746  *  291 to  52268518
Found word: mul(
numChar: 8
numChar: 8
numChar: 7
numChar: ,
numChar: 7
numChar: 5
numChar: 2
numChar: )
Adding  887  *  752 to  52485604
Found word: mul(
numChar: 7
numChar: 2
numChar: 7
numChar: ,
numChar: 5
numChar: 1
numChar: 3
numChar: )
Adding  727  *  513 to  53152628
Found word: mul(
numChar: 3
numChar: 6
numChar: 9
numChar: ,
numChar: 6
numChar: 6
numChar: 7
numChar: )
Adding  369  *  667 to  53525579
Found word: mul(
numChar: 2
numChar: 4
numChar: 9
numChar: ,
numChar: 4
numChar: 4
numChar: 1
numChar: )
Adding  249  *  441 to  53771702
Found word: mul(
numChar: 9
numChar: 9
numChar: 9
numChar: ,
numChar: 8
numChar: 7
numChar: 6
numChar: )
Adding  999  *  876 to  53881511
Found word: mul(
numChar: 1
numChar: 8
numChar: 6
numChar: ,
numChar: 3
numChar: 7
numChar: 9
numChar: )
Adding  186  *  379 to  54756635
Found word: mul(
numChar: 4
numChar: 1
numChar: 7
numChar: !
Found word: mul(
numChar: 8
numChar: 0
numChar: 6
numChar: ,
numChar: 2
numChar: 6
numChar: 3
numChar: )
Adding  806  *  263 to  54827129
Found word: mul(
numChar: 3
numChar: 5
numChar: 0
numChar: ,
numChar: 3
numChar: 6
numChar: 2
numChar: )
Adding  350  *  362 to  55039107
Found word: don't()
Found word: mul(
Found word: mul(
Found word: mul(
Found word: mul(
Found word: mul(
Found word: mul(
Found word: mul(
Found word: mul(
Found word: mul(
Found word: mul(
Found word: mul(
Found word: mul(
Found word: mul(
Found word: mul(
Found word: mul(
Found word: mul(
Found word: mul(
Found word: mul(
Found word: mul(
Found word: mul(
Found word: mul(
Found word: mul(
Found word: mul(
Found word: mul(
Found word: mul(
Found word: mul(
Found word: mul(
Found word: mul(
Found word: mul(
Found word: mul(
Found word: mul(
Found word: mul(
Found word: mul(
Found word: mul(
Found word: do()
Found word: mul(
numChar: 4
numChar: 2
numChar: 9
numChar: ,
numChar: 3
numChar: 4
numChar: 3
numChar: )
Adding  429  *  343 to  55165807
Found word: mul(
numChar: 3
numChar: 1
numChar: ,
numChar: 5
numChar: 3
numChar: 8
numChar: )
Adding  31  *  538 to  55312954
Found word: mul(
numChar: 7
numChar: 0
numChar: 7
numChar: ,
numChar: 8
numChar: 2
numChar: )
Adding  707  *  82 to  55329632
Found word: mul(
numChar: 2
numChar: 9
numChar: 9
numChar: ,
numChar: 4
numChar: 9
numChar: 2
numChar: )
Adding  299  *  492 to  55387606
Found word: mul(
numChar: 6
numChar: 6
numChar: 8
numChar: ,
numChar: 5
numChar: 3
numChar: 2
numChar: )
Adding  668  *  532 to  55534714
Found word: mul(
numChar: 2
numChar: 9
numChar: 2
numChar: ,
numChar: 4
numChar: 9
numChar: )
Adding  292  *  49 to  55890090
Found word: mul(
numChar: 4
numChar: 7
numChar: 3
numChar: ,
numChar: 2
numChar: 5
numChar: 1
numChar: )
Adding  473  *  251 to  55904398
Found word: mul(
numChar: 9
numChar: 9
numChar: 9
numChar: ,
numChar: 7
numChar: 6
numChar: 5
numChar: )
Adding  999  *  765 to  56023121
Found word: mul(
numChar: 1
numChar: 7
numChar: 7
numChar: ,
numChar: 8
numChar: 6
numChar: 0
numChar: )
Adding  177  *  860 to  56787356
Found word: mul(
numChar: 4
numChar: 8
numChar: 8
numChar: ,
numChar: 5
numChar: 0
numChar: 3
numChar: )
Adding  488  *  503 to  56939576
Found word: do()
Found word: mul(
numChar: 8
numChar: 5
numChar: ,
numChar: 9
numChar: 4
numChar: 2
numChar: )
Adding  85  *  942 to  57185040
Found word: mul(
numChar: 2
numChar: 2
numChar: 7
numChar: ,
numChar: 3
numChar: 9
numChar: 0
numChar: )
Adding  227  *  390 to  57265110
Found word: mul(
numChar: 2
numChar: 7
numChar: 0
numChar: ,
numChar: 6
numChar: 4
numChar: 2
numChar: )
Adding  270  *  642 to  57353640
Found word: mul(
numChar: 8
numChar: 4
numChar: 3
numChar: ,
numChar: 7
numChar: 1
numChar: 2
numChar: )
Adding  843  *  712 to  57526980
Found word: mul(
numChar: 8
numChar: 5
numChar: 3
numChar: ,
numChar: 8
numChar: 7
numChar: )
Adding  853  *  87 to  58127196
Found word: mul(
numChar: 1
numChar: 3
numChar: 2
numChar: ,
numChar: 1
numChar: 0
numChar: )
Adding  132  *  10 to  58201407
Found word: mul(
numChar: 4
numChar: 4
numChar: 0
numChar: ,
numChar: 4
numChar: 3
numChar: 6
numChar: )
Adding  440  *  436 to  58202727
Found word: mul(
numChar: 3
numChar: 3
numChar: 2
numChar: ,
numChar: 4
numChar: 6
numChar: 4
numChar: )
Adding  332  *  464 to  58394567
Found word: mul(
numChar: 2
numChar: 5
numChar: 1
numChar: ,
numChar: 3
numChar: 1
numChar: 8
numChar: )
Adding  251  *  318 to  58548615
Found word: mul(
numChar: 5
numChar: 4
numChar: 0
numChar: ,
numChar: 2
numChar: 7
numChar: 7
numChar: )
Adding  540  *  277 to  58628433
Found word: mul(
numChar: 9
numChar: 3
numChar: 7
numChar: ,
numChar: 4
numChar: 0
numChar: 5
numChar: )
Adding  937  *  405 to  58778013
Found word: mul(
numChar: 8
numChar: 9
numChar: 8
numChar: ,
numChar: 6
numChar: 7
numChar: 6
numChar: )
Adding  898  *  676 to  59157498
Found word: mul(
numChar: 7
numChar: 7
numChar: 5
numChar: ,
numChar: 9
numChar: 8
numChar: 7
numChar: )
Adding  775  *  987 to  59764546
Found word: mul(
numChar: 4
numChar: 8
numChar: ,
numChar: 3
numChar: 8
numChar: 4
numChar: )
Adding  48  *  384 to  60529471
Found word: mul(
numChar: 2
numChar: 0
numChar: 4
numChar: ,
numChar: 1
numChar: 4
numChar: 0
numChar: )
Adding  204  *  140 to  60547903
Found word: mul(
numChar: 3
numChar: 7
numChar: 6
numChar: ,
numChar: 7
numChar: 1
numChar: 1
numChar: )
Adding  376  *  711 to  60576463
Found word: mul(
numChar: 1
numChar: 4
numChar: 9
numChar: ,
numChar: 5
numChar: 0
numChar: 6
numChar: )
Adding  149  *  506 to  60843799
Found word: mul(
numChar: 1
numChar: 9
numChar: 2
numChar: ,
numChar: 9
numChar: 9
numChar: 6
numChar: )
Adding  192  *  996 to  60919193
Found word: mul(
numChar: 8
numChar: 8
numChar: 0
numChar: ,
numChar: 5
numChar: 3
numChar: 5
numChar: )
Adding  880  *  535 to  61110425
Found word: mul(
numChar: 4
numChar: 2
numChar: 3
numChar: ,
numChar: 2
numChar: 6
numChar: 3
numChar: )
Adding  423  *  263 to  61581225
Found word: mul(
numChar: 8
numChar: 6
numChar: 6
numChar: ,
numChar: 3
numChar: 5
numChar: 8
numChar: )
Adding  866  *  358 to  61692474
Found word: mul(
numChar: 7
numChar: 9
numChar: 7
numChar: ,
numChar: 1
numChar: 3
numChar: )
Adding  797  *  13 to  62002502
Found word: mul(
numChar: 8
numChar: 2
numChar: 6
numChar: ,
numChar: 9
numChar: 9
numChar: 5
numChar: )
Adding  826  *  995 to  62012863
Found word: mul(
numChar: 5
numChar: 9
numChar: ,
numChar: 1
numChar: 4
numChar: 8
numChar: )
Adding  59  *  148 to  62834733
Found word: don't()
Found word: mul(
Found word: mul(
Found word: mul(
Found word: don't()
Found word: mul(
Found word: mul(
Found word: mul(
Found word: mul(
Found word: do()
Found word: mul(
numChar: 6
numChar: 1
numChar: 1
numChar: ,
numChar: 8
numChar: 0
numChar: 2
numChar: )
Adding  611  *  802 to  62843465
Found word: mul(
numChar: 5
numChar: 6
numChar: 1
numChar: ,
numChar: 9
numChar: 8
numChar: 2
numChar: )
Adding  561  *  982 to  63333487
Found word: mul(
numChar: 2
numChar: 0
numChar: 7
numChar: ,
numChar: 6
numChar: 1
numChar: 9
numChar: )
Adding  207  *  619 to  63884389
Found word: mul(
numChar: 8
numChar: 4
numChar: 6
numChar: ,
numChar: 4
numChar: 6
numChar: 1
numChar: )
Adding  846  *  461 to  64012522
Found word: mul(
numChar: 5
numChar: 5
numChar: 2
numChar: )
Found word: mul(
numChar: 1
numChar: 6
numChar: 3
numChar: ,
numChar: 1
numChar: 9
numChar: 5
numChar: )
Adding  163  *  195 to  64402528
Found word: mul(
numChar: 7
numChar: 5
numChar: 3
numChar: ,
numChar: 1
numChar: 7
numChar: 6
numChar: )
Adding  753  *  176 to  64434313
Found word: mul(
numChar: 9
numChar: 1
numChar: 0
numChar: ,
numChar: 4
numChar: 7
numChar: 8
numChar: )
Adding  910  *  478 to  64566841
Found word: mul(
numChar: 2
numChar: 0
numChar: 9
numChar: ,
numChar: 2
numChar: 3
numChar: 0
numChar: )
Adding  209  *  230 to  65001821
Found word: don't()
Found word: mul(
Found word: mul(
Found word: mul(
Found word: mul(
Found word: mul(
Found word: mul(
Found word: do()
Found word: mul(
numChar: 7
numChar: 0
numChar: 9
numChar: ,
numChar: 7
numChar: 2
numChar: 2
numChar: )
Adding  709  *  722 to  65049891
Found word: mul(
numChar: 5
numChar: 2
numChar: 7
numChar: ,
numChar: 9
numChar: 0
numChar: 7
numChar: )
Adding  527  *  907 to  65561789
Found word: mul(
numChar: 6
numChar: 7
numChar: 0
numChar: ,
numChar: 9
numChar: 3
numChar: 1
numChar: )
Adding  670  *  931 to  66039778
Found word: mul(
numChar: 8
numChar: 5
numChar: 5
numChar: ,
numChar: 2
numChar: 6
numChar: 4
numChar: )
Adding  855  *  264 to  66663548
Found word: mul(
numChar: 5
numChar: 4
numChar: 8
numChar: ,
numChar: 2
numChar: 8
numChar: )
Adding  548  *  28 to  66889268
Found word: mul(
numChar: 5
numChar: 9
numChar: 9
numChar: ,
numChar: 8
numChar: 2
numChar: 1
numChar: )
Adding  599  *  821 to  66904612
Found word: mul(
numChar: 8
numChar: 7
numChar: 8
numChar: ,
numChar: 5
numChar: 5
numChar: 9
numChar: )
Adding  878  *  559 to  67396391
Found word: don't()
Found word: mul(
Found word: mul(
Found word: mul(
Found word: mul(
Found word: mul(
Found word: mul(
Found word: do()
Found word: mul(
numChar: 1
numChar: 7
numChar: 7
numChar: ,
numChar: 6
numChar: 5
numChar: 5
numChar: )
Adding  177  *  655 to  67887193
Found word: mul(
numChar: 6
numChar: 0
numChar: 0
numChar: ,
numChar: 2
numChar: 5
numChar: 5
numChar: )
Adding  600  *  255 to  68003128
Found word: mul(
numChar: 5
numChar: ,
numChar: 9
numChar: 5
numChar: 3
numChar: )
Adding  5  *  953 to  68156128
Found word: mul(
numChar: 9
numChar: 0
numChar: 0
numChar: ,
numChar: 3
numChar: 0
numChar: 7
numChar: )
Adding  900  *  307 to  68160893
Found word: mul(
numChar: 4
numChar: 4
numChar: 1
numChar: ,
numChar: 2
numChar: 4
numChar: 6
numChar: )
Adding  441  *  246 to  68437193
Found word: mul(
numChar: 7
numChar: 6
numChar: 3
numChar: ,
numChar: 3
numChar: 1
numChar: 0
numChar: )
Adding  763  *  310 to  68545679
Found word: don't()
Found word: mul(
Found word: don't()
Found word: mul(
Found word: mul(
Found word: mul(
Found word: mul(
Found word: mul(
Found word: mul(
Found word: mul(
Found word: do()
Found word: mul(
numChar: 3
numChar: 3
numChar: 8
numChar: ,
numChar: 4
numChar: 2
numChar: 4
numChar: )
Adding  338  *  424 to  68782209
Found word: mul(
numChar: 1
numChar: 7
numChar: 0
numChar: ,
numChar: 3
numChar: 2
numChar: 4
numChar: )
Adding  170  *  324 to  68925521
Found word: mul(
numChar: 8
numChar: 9
numChar: 5
numChar: ,
numChar: 7
numChar: 7
numChar: 8
numChar: )
Adding  895  *  778 to  68980601
Found word: mul(
numChar: 5
numChar: 9
numChar: 1
numChar: ,
numChar: 8
numChar: 1
numChar: 5
numChar: )
Adding  591  *  815 to  69676911
Found word: mul(
numChar: 1
numChar: 1
numChar: ,
numChar: 1
numChar: 1
numChar: 1
numChar: )
Adding  11  *  111 to  70158576
Found word: mul(
numChar: 4
numChar: 1
numChar: 6
numChar: s
Found word: mul(
numChar: 2
numChar: 2
numChar: 9
numChar: ,
numChar: 4
numChar: 0
numChar: 7
numChar: )
Adding  229  *  407 to  70159797
Found word: don't()
Found word: mul(
Found word: do()
Found word: mul(
numChar: 4
numChar: 3
numChar: 5
numChar: ,
numChar: 1
numChar: 3
numChar: 5
numChar: )
Adding  435  *  135 to  70253000
Found word: mul(
numChar: 3
numChar: 6
numChar: 8
numChar: ,
numChar: 9
numChar: 2
numChar: 0
numChar: )
Adding  368  *  920 to  70311725
Found word: mul(
numChar: 3
numChar: 5
numChar: 1
numChar: }
Found word: mul(
numChar: 9
numChar: 3
numChar: 0
numChar: ,
numChar: 1
numChar: 5
numChar: 7
numChar: )
Adding  930  *  157 to  70650285
Found word: mul(
numChar: 6
numChar: 8
numChar: 2
numChar: ,
numChar: 7
numChar: 7
numChar: 0
numChar: )
Adding  682  *  770 to  70796295
Found word: mul(
numChar: 5
numChar: 3
numChar: 7
numChar: ,
numChar: 1
numChar: 7
numChar: 2
numChar: )
Adding  537  *  172 to  71321435
Found word: mul(
numChar: 2
numChar: 8
numChar: 9
numChar: ,
numChar: 4
numChar: 8
numChar: 9
numChar: )
Adding  289  *  489 to  71413799
Found word: mul(
numChar: 5
numChar: 7
numChar: 6
numChar: ,
numChar: 3
numChar: 3
numChar: 8
numChar: )
Adding  576  *  338 to  71555120
Found word: mul(
numChar: 8
numChar: 5
numChar: 4
numChar: ,
numChar: 8
numChar: 8
numChar: )
Adding  854  *  88 to  71749808
Found word: mul(
numChar: 7
numChar: 2
numChar: 6
numChar: ,
numChar: 7
numChar: 4
numChar: 2
numChar: )
Adding  726  *  742 to  71824960
Found word: mul(
numChar: 7
numChar: 6
numChar: 8
numChar: ,
numChar: 2
numChar: 0
numChar: 3
numChar: )
Adding  768  *  203 to  72363652
Found word: mul(
numChar: 4
numChar: 6
numChar: 8
numChar: ,
numChar: 3
numChar: 3
numChar: 8
numChar: )
Adding  468  *  338 to  72519556
Found word: mul(
numChar: 5
numChar: 4
numChar: 3
numChar: ,
numChar: 6
numChar: 5
numChar: 0
numChar: )
Adding  543  *  650 to  72677740
Found word: mul(
numChar: 5
numChar: 2
numChar: 8
numChar: ,
numChar: 6
numChar: 8
numChar: 1
numChar: )
Adding  528  *  681 to  73030690
Found word: mul(
numChar: 7
numChar: 4
numChar: 6
numChar: ,
numChar: 9
numChar: 2
numChar: )
Adding  746  *  92 to  73390258
Found word: mul(
numChar: 1
numChar: 8
numChar: 9
numChar: ,
numChar: 7
numChar: 8
numChar: 3
numChar: )
Adding  189  *  783 to  73458890
Found word: mul(
numChar: 5
numChar: 6
numChar: 0
numChar: ,
numChar: 5
numChar: 0
numChar: 3
numChar: )
Adding  560  *  503 to  73606877
Found word: mul(
numChar: 3
numChar: 7
numChar: 2
numChar: ,
numChar: 2
numChar: 5
numChar: 0
numChar: )
Adding  372  *  250 to  73888557
Found word: mul(
numChar: 2
numChar: 2
numChar: 3
numChar: ,
numChar: 4
numChar: 9
numChar: 6
numChar: )
Adding  223  *  496 to  73981557
Found word: mul(
numChar: 9
numChar: 7
numChar: 5
numChar: ,
numChar: 6
numChar: 3
numChar: 9
numChar: )
Adding  975  *  639 to  74092165
Found word: mul(
numChar: 4
numChar: 5
numChar: 7
numChar: ,
numChar: 5
numChar: 6
numChar: 8
numChar: )
Adding  457  *  568 to  74715190
Found word: don't()
Found word: mul(
Found word: mul(
Found word: mul(
Found word: mul(
Found word: mul(
Found word: mul(
Found word: mul(
Found word: mul(
Found word: mul(
Found word: mul(
Found word: mul(
Found word: mul(
Found word: mul(
Found word: mul(
Found word: mul(
Found word: mul(
Found word: mul(
Found word: mul(
Found word: mul(
Found word: mul(
Found word: mul(
Found word: mul(
Found word: mul(
Found word: mul(
Found word: mul(
Found word: do()
Found word: mul(
numChar: 3
numChar: 2
numChar: 6
numChar: ,
numChar: 4
numChar: 6
numChar: 1
numChar: )
Adding  326  *  461 to  74974766
Found word: do()
Found word: mul(
numChar: 7
numChar: 4
numChar: 7
numChar: ,
numChar: 6
numChar: 3
numChar: 1
numChar: )
Adding  747  *  631 to  75125052
Found word: don't()
Found word: mul(
Found word: mul(
Found word: mul(
Found word: mul(
Found word: mul(
Found word: do()
Found word: mul(
numChar: 4
numChar: 0
numChar: 3
numChar: ,
numChar: 4
numChar: 1
numChar: 5
numChar: )
Adding  403  *  415 to  75596409
Found word: don't()
Found word: mul(
Found word: mul(
Found word: mul(
Found word: mul(
Found word: mul(
Found word: mul(
Found word: mul(
Found word: mul(
Found word: mul(
Found word: mul(
Found word: mul(
Found word: mul(
Found word: mul(
Found word: mul(
Found word: mul(
Found word: mul(
Found word: mul(
Found word: mul(
Found word: mul(
Found word: mul(
Found word: mul(
Found word: mul(
Found word: mul(
Found word: mul(
Found word: mul(
Found word: mul(
Found word: mul(
Found word: mul(
Found word: mul(
Found word: mul(
Found word: mul(
Found word: do()
Found word: mul(
numChar: 2
numChar: 1
numChar: 8
numChar: ,
numChar: 5
numChar: 4
numChar: 0
numChar: )
Adding  218  *  540 to  75763654
Found word: mul(
numChar: 5
numChar: 9
numChar: 3
numChar: ,
numChar: 9
numChar: 8
numChar: 8
numChar: )
Adding  593  *  988 to  75881374
Found word: mul(
numChar: 2
numChar: 7
numChar: 7
numChar: ,
numChar: 3
numChar: 0
numChar: )
Adding  277  *  30 to  76467258
Found word: mul(
numChar: 8
numChar: 9
numChar: 6
numChar: ,
numChar: 1
numChar: 1
numChar: 6
numChar: )
Adding  896  *  116 to  76475568
Found word: mul(
numChar: 5
numChar: 9
numChar: ,
numChar: 6
numChar: 1
numChar: 5
numChar: )
Adding  59  *  615 to  76579504
Found word: do()
Found word: mul(
numChar: 3
numChar: 6
numChar: 7
numChar: ,
numChar: 1
numChar: 3
numChar: 6
numChar: )
Adding  367  *  136 to  76615789
Found word: mul(
numChar: 1
numChar: 8
numChar: 5
numChar: ,
numChar: 1
numChar: 8
numChar: 4
numChar: )
Adding  185  *  184 to  76665701
Found word: mul(
numChar: 2
numChar: 2
numChar: 5
numChar: ,
numChar: 5
numChar: 0
numChar: 0
numChar: )
Adding  225  *  500 to  76699741
Found word: mul(
numChar: 1
numChar: 7
numChar: 8
numChar: ,
numChar: 5
numChar: 6
numChar: 0
numChar: )
Adding  178  *  560 to  76812241
Found word: don't()
Found word: mul(
Found word: mul(
Found word: mul(
Found word: mul(
Found word: mul(
Found word: mul(
Found word: mul(
Found word: mul(
Found word: mul(
Found word: mul(
Found word: mul(
Found word: mul(
Found word: mul(
Found word: mul(
Found word: mul(
Found word: don't()
Found word: mul(
Found word: mul(
Found word: mul(
Found word: mul(
Found word: mul(
Found word: mul(
Found word: mul(
Found word: mul(
Found word: mul(
Found word: mul(
Found word: mul(
76911921
